2024-01-28  3:53:54 0 [Note] Starting MariaDB 10.4.32-MariaDB source revision c4143f909528e3fab0677a28631d10389354c491 as process 22116
2024-01-28  3:53:54 0 [Note] InnoDB: Mutexes and rw_locks use Windows interlocked functions
2024-01-28  3:53:54 0 [Note] InnoDB: Uses event mutexes
2024-01-28  3:53:54 0 [Note] InnoDB: Compressed tables use zlib 1.3
2024-01-28  3:53:54 0 [Note] InnoDB: Number of pools: 1
2024-01-28  3:53:54 0 [Note] InnoDB: Using SSE2 crc32 instructions
2024-01-28  3:53:54 0 [Note] InnoDB: Initializing buffer pool, total size = 16M, instances = 1, chunk size = 16M
2024-01-28  3:53:54 0 [Note] InnoDB: Completed initialization of buffer pool
2024-01-28  3:53:54 0 [Note] InnoDB: Starting crash recovery from checkpoint LSN=300288
2024-01-28  3:53:54 0 [Note] InnoDB: 128 out of 128 rollback segments are active.
2024-01-28  3:53:54 0 [Note] InnoDB: Removed temporary tablespace data file: "ibtmp1"
2024-01-28  3:53:54 0 [Note] InnoDB: Creating shared tablespace for temporary tables
2024-01-28  3:53:54 0 [Note] InnoDB: Setting file 'C:\xampp\mysql\data\ibtmp1' size to 12 MB. Physically writing the file full; Please wait ...
2024-01-28  3:53:54 0 [Note] InnoDB: File 'C:\xampp\mysql\data\ibtmp1' size is now 12 MB.
2024-01-28  3:53:54 0 [Note] InnoDB: Waiting for purge to start
2024-01-28  3:53:54 0 [Note] InnoDB: 10.4.32 started; log sequence number 300297; transaction id 170
2024-01-28  3:53:54 0 [Note] InnoDB: Loading buffer pool(s) from C:\xampp\mysql\data\ib_buffer_pool
2024-01-28  3:53:54 0 [Note] Plugin 'FEEDBACK' is disabled.
2024-01-28  3:53:54 0 [Note] InnoDB: Buffer pool(s) load completed at 240128  3:53:54
2024-01-28  3:53:54 0 [Note] Server socket created on IP: '::'.
2024-05-23 14:46:44 0 [Note] Starting MariaDB 10.4.32-MariaDB source revision c4143f909528e3fab0677a28631d10389354c491 as process 26108
2024-05-23 14:46:44 0 [Note] InnoDB: Mutexes and rw_locks use Windows interlocked functions
2024-05-23 14:46:44 0 [Note] InnoDB: Uses event mutexes
2024-05-23 14:46:44 0 [Note] InnoDB: Compressed tables use zlib 1.3
2024-05-23 14:46:44 0 [Note] InnoDB: Number of pools: 1
2024-05-23 14:46:44 0 [Note] InnoDB: Using SSE2 crc32 instructions
2024-05-23 14:46:44 0 [Note] InnoDB: Initializing buffer pool, total size = 16M, instances = 1, chunk size = 16M
2024-05-23 14:46:44 0 [Note] InnoDB: Completed initialization of buffer pool
2024-05-23 14:46:44 0 [Note] InnoDB: Starting crash recovery from checkpoint LSN=300306
2024-05-23 14:46:44 0 [Note] InnoDB: 128 out of 128 rollback segments are active.
2024-05-23 14:46:44 0 [Note] InnoDB: Removed temporary tablespace data file: "ibtmp1"
2024-05-23 14:46:44 0 [Note] InnoDB: Creating shared tablespace for temporary tables
2024-05-23 14:46:44 0 [Note] InnoDB: Setting file 'C:\xampp\mysql\data\ibtmp1' size to 12 MB. Physically writing the file full; Please wait ...
2024-05-23 14:46:44 0 [Note] InnoDB: File 'C:\xampp\mysql\data\ibtmp1' size is now 12 MB.
2024-05-23 14:46:44 0 [Note] InnoDB: Waiting for purge to start
2024-05-23 14:46:44 0 [Note] InnoDB: 10.4.32 started; log sequence number 300315; transaction id 170
2024-05-23 14:46:44 0 [Note] InnoDB: Loading buffer pool(s) from C:\xampp\mysql\data\ib_buffer_pool
2024-05-23 14:46:44 0 [Note] Plugin 'FEEDBACK' is disabled.
2024-05-23 14:46:44 0 [Note] InnoDB: Buffer pool(s) load completed at 240523 14:46:44
2024-05-23 14:46:44 0 [Note] Server socket created on IP: '::'.
2024-05-24 14:49:39 0 [Note] Starting MariaDB 10.4.32-MariaDB source revision c4143f909528e3fab0677a28631d10389354c491 as process 14960
2024-05-24 14:49:39 0 [Note] InnoDB: Mutexes and rw_locks use Windows interlocked functions
2024-05-24 14:49:39 0 [Note] InnoDB: Uses event mutexes
2024-05-24 14:49:39 0 [Note] InnoDB: Compressed tables use zlib 1.3
2024-05-24 14:49:39 0 [Note] InnoDB: Number of pools: 1
2024-05-24 14:49:39 0 [Note] InnoDB: Using SSE2 crc32 instructions
2024-05-24 14:49:39 0 [Note] InnoDB: Initializing buffer pool, total size = 16M, instances = 1, chunk size = 16M
2024-05-24 14:49:39 0 [Note] InnoDB: Completed initialization of buffer pool
2024-05-24 14:49:39 0 [Note] InnoDB: Starting crash recovery from checkpoint LSN=2195871
2024-05-24 14:49:40 0 [Note] InnoDB: 128 out of 128 rollback segments are active.
2024-05-24 14:49:40 0 [Note] InnoDB: Removed temporary tablespace data file: "ibtmp1"
2024-05-24 14:49:40 0 [Note] InnoDB: Creating shared tablespace for temporary tables
2024-05-24 14:49:40 0 [Note] InnoDB: Setting file 'C:\xampp\mysql\data\ibtmp1' size to 12 MB. Physically writing the file full; Please wait ...
2024-05-24 14:49:40 0 [Note] InnoDB: File 'C:\xampp\mysql\data\ibtmp1' size is now 12 MB.
2024-05-24 14:49:40 0 [Note] InnoDB: Waiting for purge to start
2024-05-24 14:49:40 0 [Note] InnoDB: 10.4.32 started; log sequence number 2195880; transaction id 1110
2024-05-24 14:49:40 0 [Note] InnoDB: Loading buffer pool(s) from C:\xampp\mysql\data\ib_buffer_pool
2024-05-24 14:49:40 0 [Note] Plugin 'FEEDBACK' is disabled.
2024-05-24 14:49:40 0 [Note] InnoDB: Buffer pool(s) load completed at 240524 14:49:40
2024-05-24 14:49:40 0 [Note] Server socket created on IP: '::'.
2024-05-24 14:51:31 0 [Note] Starting MariaDB 10.4.32-MariaDB source revision c4143f909528e3fab0677a28631d10389354c491 as process 34284
2024-05-24 14:51:31 0 [Note] InnoDB: Mutexes and rw_locks use Windows interlocked functions
2024-05-24 14:51:31 0 [Note] InnoDB: Uses event mutexes
2024-05-24 14:51:31 0 [Note] InnoDB: Compressed tables use zlib 1.3
2024-05-24 14:51:31 0 [Note] InnoDB: Number of pools: 1
2024-05-24 14:51:31 0 [Note] InnoDB: Using SSE2 crc32 instructions
2024-05-24 14:51:31 0 [Note] InnoDB: Initializing buffer pool, total size = 16M, instances = 1, chunk size = 16M
2024-05-24 14:51:31 0 [Note] InnoDB: Completed initialization of buffer pool
2024-05-24 14:51:31 0 [Note] InnoDB: Starting crash recovery from checkpoint LSN=2195889
2024-05-24 14:51:31 0 [Note] InnoDB: 128 out of 128 rollback segments are active.
2024-05-24 14:51:31 0 [Note] InnoDB: Removed temporary tablespace data file: "ibtmp1"
2024-05-24 14:51:31 0 [Note] InnoDB: Creating shared tablespace for temporary tables
2024-05-24 14:51:31 0 [Note] InnoDB: Setting file 'C:\xampp\mysql\data\ibtmp1' size to 12 MB. Physically writing the file full; Please wait ...
2024-05-24 14:51:31 0 [Note] InnoDB: File 'C:\xampp\mysql\data\ibtmp1' size is now 12 MB.
2024-05-24 14:51:31 0 [Note] InnoDB: Waiting for purge to start
2024-05-24 14:51:31 0 [Note] InnoDB: 10.4.32 started; log sequence number 2195898; transaction id 1110
2024-05-24 14:51:31 0 [Note] InnoDB: Loading buffer pool(s) from C:\xampp\mysql\data\ib_buffer_pool
2024-05-24 14:51:31 0 [Note] Plugin 'FEEDBACK' is disabled.
2024-05-24 14:51:31 0 [Note] Server socket created on IP: '::'.
2024-05-25 15:09:47 0 [Note] Starting MariaDB 10.4.32-MariaDB source revision c4143f909528e3fab0677a28631d10389354c491 as process 27940
2024-05-25 15:09:47 0 [Note] InnoDB: Mutexes and rw_locks use Windows interlocked functions
2024-05-25 15:09:47 0 [Note] InnoDB: Uses event mutexes
2024-05-25 15:09:47 0 [Note] InnoDB: Compressed tables use zlib 1.3
2024-05-25 15:09:47 0 [Note] InnoDB: Number of pools: 1
2024-05-25 15:09:47 0 [Note] InnoDB: Using SSE2 crc32 instructions
2024-05-25 15:09:47 0 [Note] InnoDB: Initializing buffer pool, total size = 16M, instances = 1, chunk size = 16M
2024-05-25 15:09:47 0 [Note] InnoDB: Completed initialization of buffer pool
2024-05-25 15:09:47 0 [Note] InnoDB: Starting crash recovery from checkpoint LSN=6322949
2024-05-25 15:09:48 0 [Note] InnoDB: 128 out of 128 rollback segments are active.
2024-05-25 15:09:48 0 [Note] InnoDB: Removed temporary tablespace data file: "ibtmp1"
2024-05-25 15:09:48 0 [Note] InnoDB: Creating shared tablespace for temporary tables
2024-05-25 15:09:48 0 [Note] InnoDB: Setting file 'C:\xampp\mysql\data\ibtmp1' size to 12 MB. Physically writing the file full; Please wait ...
2024-05-25 15:09:48 0 [Note] InnoDB: File 'C:\xampp\mysql\data\ibtmp1' size is now 12 MB.
2024-05-25 15:09:48 0 [Note] InnoDB: Waiting for purge to start
2024-05-25 15:09:48 0 [Note] InnoDB: 10.4.32 started; log sequence number 6322958; transaction id 3978
2024-05-25 15:09:48 0 [Note] InnoDB: Loading buffer pool(s) from C:\xampp\mysql\data\ib_buffer_pool
2024-05-25 15:09:48 0 [Note] Plugin 'FEEDBACK' is disabled.
2024-05-25 15:09:48 0 [Note] InnoDB: Buffer pool(s) load completed at 240525 15:09:48
2024-05-25 15:09:48 0 [Note] Server socket created on IP: '::'.
2024-05-30  5:42:21 0 [Note] Starting MariaDB 10.4.32-MariaDB source revision c4143f909528e3fab0677a28631d10389354c491 as process 16260
2024-05-30  5:42:21 0 [Note] InnoDB: Mutexes and rw_locks use Windows interlocked functions
2024-05-30  5:42:21 0 [Note] InnoDB: Uses event mutexes
2024-05-30  5:42:21 0 [Note] InnoDB: Compressed tables use zlib 1.3
2024-05-30  5:42:21 0 [Note] InnoDB: Number of pools: 1
2024-05-30  5:42:21 0 [Note] InnoDB: Using SSE2 crc32 instructions
2024-05-30  5:42:21 0 [Note] InnoDB: Initializing buffer pool, total size = 16M, instances = 1, chunk size = 16M
2024-05-30  5:42:21 0 [Note] InnoDB: Completed initialization of buffer pool
2024-05-30  5:42:21 0 [Note] InnoDB: Starting crash recovery from checkpoint LSN=6322967
2024-05-30  5:42:22 0 [Note] InnoDB: 128 out of 128 rollback segments are active.
2024-05-30  5:42:22 0 [Note] InnoDB: Removed temporary tablespace data file: "ibtmp1"
2024-05-30  5:42:22 0 [Note] InnoDB: Creating shared tablespace for temporary tables
2024-05-30  5:42:22 0 [Note] InnoDB: Setting file 'C:\xampp\mysql\data\ibtmp1' size to 12 MB. Physically writing the file full; Please wait ...
2024-05-30  5:42:22 0 [Note] InnoDB: File 'C:\xampp\mysql\data\ibtmp1' size is now 12 MB.
2024-05-30  5:42:22 0 [Note] InnoDB: Waiting for purge to start
2024-05-30  5:42:23 0 [Note] InnoDB: 10.4.32 started; log sequence number 6322976; transaction id 3978
2024-05-30  5:42:23 0 [Note] InnoDB: Loading buffer pool(s) from C:\xampp\mysql\data\ib_buffer_pool
2024-05-30  5:42:23 0 [Note] Plugin 'FEEDBACK' is disabled.
2024-05-30  5:42:23 0 [Note] InnoDB: Buffer pool(s) load completed at 240530  5:42:23
2024-05-30  5:42:23 0 [Note] Server socket created on IP: '::'.
2024-07-17  4:22:49 0 [Note] Starting MariaDB 10.4.32-MariaDB source revision c4143f909528e3fab0677a28631d10389354c491 as process 42612
2024-07-17  4:22:49 0 [Note] InnoDB: Mutexes and rw_locks use Windows interlocked functions
2024-07-17  4:22:49 0 [Note] InnoDB: Uses event mutexes
2024-07-17  4:22:49 0 [Note] InnoDB: Compressed tables use zlib 1.3
2024-07-17  4:22:49 0 [Note] InnoDB: Number of pools: 1
2024-07-17  4:22:49 0 [Note] InnoDB: Using SSE2 crc32 instructions
2024-07-17  4:22:49 0 [Note] InnoDB: Initializing buffer pool, total size = 16M, instances = 1, chunk size = 16M
2024-07-17  4:22:49 0 [Note] InnoDB: Completed initialization of buffer pool
2024-07-17  4:22:49 0 [Note] InnoDB: Starting crash recovery from checkpoint LSN=6442314
2024-07-17  4:22:50 0 [Note] InnoDB: 128 out of 128 rollback segments are active.
2024-07-17  4:22:50 0 [Note] InnoDB: Removed temporary tablespace data file: "ibtmp1"
2024-07-17  4:22:50 0 [Note] InnoDB: Creating shared tablespace for temporary tables
2024-07-17  4:22:50 0 [Note] InnoDB: Setting file 'C:\xampp\mysql\data\ibtmp1' size to 12 MB. Physically writing the file full; Please wait ...
2024-07-17  4:22:50 0 [Note] InnoDB: File 'C:\xampp\mysql\data\ibtmp1' size is now 12 MB.
2024-07-17  4:22:50 0 [Note] InnoDB: Waiting for purge to start
2024-07-17  4:22:50 0 [Note] InnoDB: 10.4.32 started; log sequence number 6442323; transaction id 4193
2024-07-17  4:22:50 0 [Note] InnoDB: Loading buffer pool(s) from C:\xampp\mysql\data\ib_buffer_pool
2024-07-17  4:22:50 0 [Note] Plugin 'FEEDBACK' is disabled.
2024-07-17  4:22:50 0 [Note] InnoDB: Buffer pool(s) load completed at 240717  4:22:50
2024-07-17  4:22:50 0 [Note] Server socket created on IP: '::'.
2024-07-17 16:35:14 0 [Note] Starting MariaDB 10.4.32-MariaDB source revision c4143f909528e3fab0677a28631d10389354c491 as process 21708
2024-07-17 16:35:14 0 [Note] InnoDB: Mutexes and rw_locks use Windows interlocked functions
2024-07-17 16:35:14 0 [Note] InnoDB: Uses event mutexes
2024-07-17 16:35:14 0 [Note] InnoDB: Compressed tables use zlib 1.3
2024-07-17 16:35:14 0 [Note] InnoDB: Number of pools: 1
2024-07-17 16:35:14 0 [Note] InnoDB: Using SSE2 crc32 instructions
2024-07-17 16:35:14 0 [Note] InnoDB: Initializing buffer pool, total size = 16M, instances = 1, chunk size = 16M
2024-07-17 16:35:14 0 [Note] InnoDB: Completed initialization of buffer pool
2024-07-17 16:35:14 0 [Note] InnoDB: Starting crash recovery from checkpoint LSN=6445846
2024-07-17 16:35:15 0 [Note] InnoDB: 128 out of 128 rollback segments are active.
2024-07-17 16:35:15 0 [Note] InnoDB: Removed temporary tablespace data file: "ibtmp1"
2024-07-17 16:35:15 0 [Note] InnoDB: Creating shared tablespace for temporary tables
2024-07-17 16:35:15 0 [Note] InnoDB: Setting file 'C:\xampp\mysql\data\ibtmp1' size to 12 MB. Physically writing the file full; Please wait ...
2024-07-17 16:35:15 0 [Note] InnoDB: File 'C:\xampp\mysql\data\ibtmp1' size is now 12 MB.
2024-07-17 16:35:15 0 [Note] InnoDB: Waiting for purge to start
2024-07-17 16:35:16 0 [Note] InnoDB: 10.4.32 started; log sequence number 6445855; transaction id 4204
2024-07-17 16:35:16 0 [Note] InnoDB: Loading buffer pool(s) from C:\xampp\mysql\data\ib_buffer_pool
2024-07-17 16:35:16 0 [Note] Plugin 'FEEDBACK' is disabled.
2024-07-17 16:35:16 0 [Note] InnoDB: Buffer pool(s) load completed at 240717 16:35:16
2024-07-17 16:35:16 0 [Note] Server socket created on IP: '::'.
2024-07-22  2:34:54 0 [Note] Starting MariaDB 10.4.32-MariaDB source revision c4143f909528e3fab0677a28631d10389354c491 as process 29444
2024-07-22  2:34:54 0 [Note] mysqld.exe: Aria engine: starting recovery
recovered pages: 0% 23% 42% 61% 81% 100% (0.0 seconds); tables to flush: 1 0
 (0.0 seconds); 
2024-07-22  2:34:54 0 [Note] mysqld.exe: Aria engine: recovery done
2024-07-22  2:34:54 0 [Note] InnoDB: Mutexes and rw_locks use Windows interlocked functions
2024-07-22  2:34:54 0 [Note] InnoDB: Uses event mutexes
2024-07-22  2:34:54 0 [Note] InnoDB: Compressed tables use zlib 1.3
2024-07-22  2:34:54 0 [Note] InnoDB: Number of pools: 1
2024-07-22  2:34:54 0 [Note] InnoDB: Using SSE2 crc32 instructions
2024-07-22  2:34:54 0 [Note] InnoDB: Initializing buffer pool, total size = 16M, instances = 1, chunk size = 16M
2024-07-22  2:34:54 0 [Note] InnoDB: Completed initialization of buffer pool
2024-07-22  2:34:54 0 [Note] InnoDB: Starting crash recovery from checkpoint LSN=6445864
2024-07-22  2:34:56 0 [Note] InnoDB: 128 out of 128 rollback segments are active.
2024-07-22  2:34:56 0 [Note] InnoDB: Removed temporary tablespace data file: "ibtmp1"
2024-07-22  2:34:56 0 [Note] InnoDB: Creating shared tablespace for temporary tables
2024-07-22  2:34:56 0 [Note] InnoDB: Setting file 'C:\xampp\mysql\data\ibtmp1' size to 12 MB. Physically writing the file full; Please wait ...
2024-07-22  2:34:56 0 [Note] InnoDB: File 'C:\xampp\mysql\data\ibtmp1' size is now 12 MB.
2024-07-22  2:34:56 0 [Note] InnoDB: Waiting for purge to start
2024-07-22  2:34:56 0 [Note] InnoDB: 10.4.32 started; log sequence number 6445873; transaction id 4204
2024-07-22  2:34:56 0 [Note] InnoDB: Loading buffer pool(s) from C:\xampp\mysql\data\ib_buffer_pool
2024-07-22  2:34:56 0 [Note] Plugin 'FEEDBACK' is disabled.
2024-07-22  2:34:56 0 [Note] InnoDB: Buffer pool(s) load completed at 240722  2:34:56
2024-07-22  2:34:56 0 [Note] Server socket created on IP: '::'.
2024-07-22  2:57:47 0 [Note] Starting MariaDB 10.4.32-MariaDB source revision c4143f909528e3fab0677a28631d10389354c491 as process 11080
2024-07-22  2:57:47 0 [Note] InnoDB: Mutexes and rw_locks use Windows interlocked functions
2024-07-22  2:57:47 0 [Note] InnoDB: Uses event mutexes
2024-07-22  2:57:47 0 [Note] InnoDB: Compressed tables use zlib 1.3
2024-07-22  2:57:47 0 [Note] InnoDB: Number of pools: 1
2024-07-22  2:57:47 0 [Note] InnoDB: Using SSE2 crc32 instructions
2024-07-22  2:57:47 0 [Note] InnoDB: Initializing buffer pool, total size = 16M, instances = 1, chunk size = 16M
2024-07-22  2:57:47 0 [Note] InnoDB: Completed initialization of buffer pool
2024-07-22  2:57:47 0 [Note] InnoDB: Starting crash recovery from checkpoint LSN=6445864
2024-07-22  2:57:47 0 [Note] InnoDB: 128 out of 128 rollback segments are active.
2024-07-22  2:57:47 0 [Note] InnoDB: Removed temporary tablespace data file: "ibtmp1"
2024-07-22  2:57:47 0 [Note] InnoDB: Creating shared tablespace for temporary tables
2024-07-22  2:57:47 0 [Note] InnoDB: Setting file 'C:\xampp\mysql\data\ibtmp1' size to 12 MB. Physically writing the file full; Please wait ...
2024-07-22  2:57:47 0 [Note] InnoDB: File 'C:\xampp\mysql\data\ibtmp1' size is now 12 MB.
2024-07-22  2:57:47 0 [Note] InnoDB: Waiting for purge to start
2024-07-22  2:57:47 0 [Note] InnoDB: 10.4.32 started; log sequence number 6445891; transaction id 4204
2024-07-22  2:57:47 0 [Note] InnoDB: Loading buffer pool(s) from C:\xampp\mysql\data\ib_buffer_pool
2024-07-22  2:57:47 0 [Note] Plugin 'FEEDBACK' is disabled.
2024-07-22  2:57:47 0 [Note] Server socket created on IP: '::'.
2024-07-22  3:20:57 0 [Note] Starting MariaDB 10.4.32-MariaDB source revision c4143f909528e3fab0677a28631d10389354c491 as process 7948
2024-07-22  3:20:57 0 [Note] InnoDB: Mutexes and rw_locks use Windows interlocked functions
2024-07-22  3:20:57 0 [Note] InnoDB: Uses event mutexes
2024-07-22  3:20:57 0 [Note] InnoDB: Compressed tables use zlib 1.3
2024-07-22  3:20:57 0 [Note] InnoDB: Number of pools: 1
2024-07-22  3:20:57 0 [Note] InnoDB: Using SSE2 crc32 instructions
2024-07-22  3:20:57 0 [Note] InnoDB: Initializing buffer pool, total size = 16M, instances = 1, chunk size = 16M
2024-07-22  3:20:57 0 [Note] InnoDB: Completed initialization of buffer pool
2024-07-22  3:20:57 0 [Note] InnoDB: Starting crash recovery from checkpoint LSN=6445864
2024-07-22  3:20:57 0 [Note] InnoDB: 128 out of 128 rollback segments are active.
2024-07-22  3:20:57 0 [Note] InnoDB: Removed temporary tablespace data file: "ibtmp1"
2024-07-22  3:20:57 0 [Note] InnoDB: Creating shared tablespace for temporary tables
2024-07-22  3:20:57 0 [Note] InnoDB: Setting file 'C:\xampp\mysql\data\ibtmp1' size to 12 MB. Physically writing the file full; Please wait ...
2024-07-22  3:20:57 0 [Note] InnoDB: File 'C:\xampp\mysql\data\ibtmp1' size is now 12 MB.
2024-07-22  3:20:57 0 [Note] InnoDB: Waiting for purge to start
2024-07-22  3:20:57 0 [Note] InnoDB: 10.4.32 started; log sequence number 6445909; transaction id 4204
2024-07-22  3:20:57 0 [Note] Plugin 'FEEDBACK' is disabled.
2024-07-22  3:20:57 0 [Note] InnoDB: Loading buffer pool(s) from C:\xampp\mysql\data\ib_buffer_pool
2024-07-22  3:20:57 0 [Note] Server socket created on IP: '::'.
2024-07-26  0:50:56 0 [Note] Starting MariaDB 10.4.32-MariaDB source revision c4143f909528e3fab0677a28631d10389354c491 as process 24728
2024-07-26  0:50:56 0 [Note] InnoDB: Mutexes and rw_locks use Windows interlocked functions
2024-07-26  0:50:56 0 [Note] InnoDB: Uses event mutexes
2024-07-26  0:50:56 0 [Note] InnoDB: Compressed tables use zlib 1.3
2024-07-26  0:50:56 0 [Note] InnoDB: Number of pools: 1
2024-07-26  0:50:56 0 [Note] InnoDB: Using SSE2 crc32 instructions
2024-07-26  0:50:56 0 [Note] InnoDB: Initializing buffer pool, total size = 16M, instances = 1, chunk size = 16M
2024-07-26  0:50:56 0 [Note] InnoDB: Completed initialization of buffer pool
2024-07-26  0:50:56 0 [Note] InnoDB: Starting crash recovery from checkpoint LSN=6445918
2024-07-26  0:50:57 0 [Note] InnoDB: 128 out of 128 rollback segments are active.
2024-07-26  0:50:57 0 [Note] InnoDB: Removed temporary tablespace data file: "ibtmp1"
2024-07-26  0:50:57 0 [Note] InnoDB: Creating shared tablespace for temporary tables
2024-07-26  0:50:57 0 [Note] InnoDB: Setting file 'C:\xampp\mysql\data\ibtmp1' size to 12 MB. Physically writing the file full; Please wait ...
2024-07-26  0:50:57 0 [Note] InnoDB: File 'C:\xampp\mysql\data\ibtmp1' size is now 12 MB.
2024-07-26  0:50:57 0 [Note] InnoDB: Waiting for purge to start
2024-07-26  0:50:57 0 [Note] InnoDB: 10.4.32 started; log sequence number 6445927; transaction id 4204
2024-07-26  0:50:57 0 [Note] InnoDB: Loading buffer pool(s) from C:\xampp\mysql\data\ib_buffer_pool
2024-07-26  0:50:57 0 [Note] Plugin 'FEEDBACK' is disabled.
2024-07-26  0:50:57 0 [Note] InnoDB: Buffer pool(s) load completed at 240726  0:50:57
2024-07-26  0:50:57 0 [Note] Server socket created on IP: '::'.
2024-07-26  2:14:49 0 [Note] Starting MariaDB 10.4.32-MariaDB source revision c4143f909528e3fab0677a28631d10389354c491 as process 16428
2024-07-26  2:14:49 0 [Note] InnoDB: Mutexes and rw_locks use Windows interlocked functions
2024-07-26  2:14:49 0 [Note] InnoDB: Uses event mutexes
2024-07-26  2:14:49 0 [Note] InnoDB: Compressed tables use zlib 1.3
2024-07-26  2:14:49 0 [Note] InnoDB: Number of pools: 1
2024-07-26  2:14:49 0 [Note] InnoDB: Using SSE2 crc32 instructions
2024-07-26  2:14:49 0 [Note] InnoDB: Initializing buffer pool, total size = 16M, instances = 1, chunk size = 16M
2024-07-26  2:14:49 0 [Note] InnoDB: Completed initialization of buffer pool
2024-07-26  2:14:49 0 [Note] InnoDB: Starting crash recovery from checkpoint LSN=6445936
2024-07-26  2:14:49 0 [Note] InnoDB: 128 out of 128 rollback segments are active.
2024-07-26  2:14:49 0 [Note] InnoDB: Removed temporary tablespace data file: "ibtmp1"
2024-07-26  2:14:49 0 [Note] InnoDB: Creating shared tablespace for temporary tables
2024-07-26  2:14:49 0 [Note] InnoDB: Setting file 'C:\xampp\mysql\data\ibtmp1' size to 12 MB. Physically writing the file full; Please wait ...
2024-07-26  2:14:49 0 [Note] InnoDB: File 'C:\xampp\mysql\data\ibtmp1' size is now 12 MB.
2024-07-26  2:14:49 0 [Note] InnoDB: Waiting for purge to start
2024-07-26  2:14:50 0 [Note] InnoDB: 10.4.32 started; log sequence number 6445945; transaction id 4204
2024-07-26  2:14:50 0 [Note] InnoDB: Loading buffer pool(s) from C:\xampp\mysql\data\ib_buffer_pool
2024-07-26  2:14:50 0 [Note] Plugin 'FEEDBACK' is disabled.
2024-07-26  2:14:50 0 [Note] InnoDB: Buffer pool(s) load completed at 240726  2:14:50
2024-07-26  2:14:50 0 [Note] Server socket created on IP: '::'.
2024-07-26  2:14:54 0 [Note] Starting MariaDB 10.4.32-MariaDB source revision c4143f909528e3fab0677a28631d10389354c491 as process 38740
2024-07-26  2:14:54 0 [Note] InnoDB: Mutexes and rw_locks use Windows interlocked functions
2024-07-26  2:14:54 0 [Note] InnoDB: Uses event mutexes
2024-07-26  2:14:54 0 [Note] InnoDB: Compressed tables use zlib 1.3
2024-07-26  2:14:54 0 [Note] InnoDB: Number of pools: 1
2024-07-26  2:14:54 0 [Note] InnoDB: Using SSE2 crc32 instructions
2024-07-26  2:14:54 0 [Note] InnoDB: Initializing buffer pool, total size = 16M, instances = 1, chunk size = 16M
2024-07-26  2:14:54 0 [Note] InnoDB: Completed initialization of buffer pool
2024-07-26  2:14:54 0 [Note] InnoDB: Starting crash recovery from checkpoint LSN=6445936
2024-07-26  2:14:55 0 [Note] InnoDB: 128 out of 128 rollback segments are active.
2024-07-26  2:14:55 0 [Note] InnoDB: Removed temporary tablespace data file: "ibtmp1"
2024-07-26  2:14:55 0 [Note] InnoDB: Creating shared tablespace for temporary tables
2024-07-26  2:14:55 0 [Note] InnoDB: Setting file 'C:\xampp\mysql\data\ibtmp1' size to 12 MB. Physically writing the file full; Please wait ...
2024-07-26  2:14:55 0 [Note] InnoDB: File 'C:\xampp\mysql\data\ibtmp1' size is now 12 MB.
2024-07-26  2:14:55 0 [Note] InnoDB: Waiting for purge to start
2024-07-26  2:14:55 0 [Note] InnoDB: 10.4.32 started; log sequence number 6445945; transaction id 4204
2024-07-26  2:14:55 0 [Note] InnoDB: Loading buffer pool(s) from C:\xampp\mysql\data\ib_buffer_pool
2024-07-26  2:14:55 0 [Note] Plugin 'FEEDBACK' is disabled.
2024-07-26  2:14:55 0 [Note] Server socket created on IP: '::'.
2024-07-26  2:55:46 0 [Note] Starting MariaDB 10.4.32-MariaDB source revision c4143f909528e3fab0677a28631d10389354c491 as process 32188
2024-07-26  2:55:46 0 [Note] mysqld.exe: Aria engine: starting recovery
recovered pages: 0% 17% 69% 100% (0.0 seconds); tables to flush: 1 0
 (0.0 seconds); 
2024-07-26  2:55:46 0 [Note] mysqld.exe: Aria engine: recovery done
2024-07-26  2:55:46 0 [Note] InnoDB: Mutexes and rw_locks use Windows interlocked functions
2024-07-26  2:55:46 0 [Note] InnoDB: Uses event mutexes
2024-07-26  2:55:46 0 [Note] InnoDB: Compressed tables use zlib 1.3
2024-07-26  2:55:46 0 [Note] InnoDB: Number of pools: 1
2024-07-26  2:55:46 0 [Note] InnoDB: Using SSE2 crc32 instructions
2024-07-26  2:55:46 0 [Note] InnoDB: Initializing buffer pool, total size = 16M, instances = 1, chunk size = 16M
2024-07-26  2:55:46 0 [Note] InnoDB: Completed initialization of buffer pool
2024-07-26  2:55:46 0 [Note] InnoDB: Starting crash recovery from checkpoint LSN=6445954
2024-07-26  2:55:46 0 [Note] InnoDB: 128 out of 128 rollback segments are active.
2024-07-26  2:55:46 0 [Note] InnoDB: Removed temporary tablespace data file: "ibtmp1"
2024-07-26  2:55:46 0 [Note] InnoDB: Creating shared tablespace for temporary tables
2024-07-26  2:55:46 0 [Note] InnoDB: Setting file 'C:\xampp\mysql\data\ibtmp1' size to 12 MB. Physically writing the file full; Please wait ...
2024-07-26  2:55:46 0 [Note] InnoDB: File 'C:\xampp\mysql\data\ibtmp1' size is now 12 MB.
2024-07-26  2:55:46 0 [Note] InnoDB: Waiting for purge to start
2024-07-26  2:55:46 0 [Note] InnoDB: 10.4.32 started; log sequence number 6445963; transaction id 4204
2024-07-26  2:55:46 0 [Note] InnoDB: Loading buffer pool(s) from C:\xampp\mysql\data\ib_buffer_pool
2024-07-26  2:55:46 0 [Note] Plugin 'FEEDBACK' is disabled.
2024-07-26  2:55:46 0 [Note] Server socket created on IP: '::'.
22024-07-26  2:56:00 0 [Note] Starting MariaDB 10.4.32-MariaDB source revision c4143f909528e3fab0677a28631d10389354c491 as process 34032
2024-07-26  2:56:00 0 [Note] InnoDB: Mutexes and rw_locks use Windows interlocked functions
2024-07-26  2:56:00 0 [Note] InnoDB: Uses event mutexes
2024-07-26  2:56:00 0 [Note] InnoDB: Compressed tables use zlib 1.3
2024-07-26  2:56:00 0 [Note] InnoDB: Number of pools: 1
2024-07-26  2:56:00 0 [Note] InnoDB: Using SSE2 crc32 instructions
2024-07-26  2:56:00 0 [Note] InnoDB: Initializing buffer pool, total size = 16M, instances = 1, chunk size = 16M
2024-07-26  2:56:00 0 [Note] InnoDB: Completed initialization of buffer pool
2024-07-26  2:56:01 0 [Note] InnoDB: 128 out of 128 rollback segments are active.
2024-07-26  2:56:01 0 [Note] InnoDB: Creating shared tablespace for temporary tables
2024-07-26  2:56:01 0 [Note] InnoDB: Setting file 'C:\xampp\mysql\data\ibtmp1' size to 12 MB. Physically writing the file full; Please wait ...
2024-07-26  2:56:01 0 [Note] InnoDB: File 'C:\xampp\mysql\data\ibtmp1' size is now 12 MB.
2024-07-26  2:56:01 0 [Note] InnoDB: Waiting for purge to start
2024-07-26  2:56:01 0 [Note] InnoDB: 10.4.32 started; log sequence number 6445972; transaction id 4204
2024-07-26  2:56:01 0 [Note] InnoDB: Loading buffer pool(s) from C:\xampp\mysql\data\ib_buffer_pool
2024-07-26  2:56:01 0 [Note] Plugin 'FEEDBACK' is disabled.
2024-07-26  2:56:01 0 [Note] InnoDB: Buffer pool(s) load completed at 240726  2:56:01
2024-07-26  2:56:01 0 [Note] Server socket created on IP: '::'.
2024-07-26  2:56:03 0 [Note] Starting MariaDB 10.4.32-MariaDB source revision c4143f909528e3fab0677a28631d10389354c491 as process 14392
2024-07-26  2:56:03 0 [Note] InnoDB: Mutexes and rw_locks use Windows interlocked functions
2024-07-26  2:56:03 0 [Note] InnoDB: Uses event mutexes
2024-07-26  2:56:03 0 [Note] InnoDB: Compressed tables use zlib 1.3
2024-07-26  2:56:03 0 [Note] InnoDB: Number of pools: 1
2024-07-26  2:56:03 0 [Note] InnoDB: Using SSE2 crc32 instructions
2024-07-26  2:56:03 0 [Note] InnoDB: Initializing buffer pool, total size = 16M, instances = 1, chunk size = 16M
2024-07-26  2:56:03 0 [Note] InnoDB: Completed initialization of buffer pool
2024-07-26  2:56:03 0 [Note] InnoDB: 128 out of 128 rollback segments are active.
2024-07-26  2:56:03 0 [Note] InnoDB: Creating shared tablespace for temporary tables
2024-07-26  2:56:03 0 [Note] InnoDB: Setting file 'C:\xampp\mysql\data\ibtmp1' size to 12 MB. Physically writing the file full; Please wait ...
2024-07-26  2:56:03 0 [Note] InnoDB: File 'C:\xampp\mysql\data\ibtmp1' size is now 12 MB.
2024-07-26  2:56:03 0 [Note] InnoDB: Waiting for purge to start
2024-07-26  2:56:04 0 [Note] InnoDB: 10.4.32 started; log sequence number 6445981; transaction id 4204
2024-07-26  2:56:04 0 [Note] InnoDB: Loading buffer pool(s) from C:\xampp\mysql\data\ib_buffer_pool
2024-07-26  2:56:04 0 [Note] Plugin 'FEEDBACK' is disabled.
2024-07-26  2:56:04 0 [Note] InnoDB: Buffer pool(s) load completed at 240726  2:56:04
2024-07-26  2:56:04 0 [Note] Server socket created on IP: '::'.
2024-07-26  2:56:30 0 [Note] Starting MariaDB 10.4.32-MariaDB source revision c4143f909528e3fab0677a28631d10389354c491 as process 29728
2024-07-26  2:56:30 0 [Note] InnoDB: Mutexes and rw_locks use Windows interlocked functions
2024-07-26  2:56:30 0 [Note] InnoDB: Uses event mutexes
2024-07-26  2:56:30 0 [Note] InnoDB: Compressed tables use zlib 1.3
2024-07-26  2:56:30 0 [Note] InnoDB: Number of pools: 1
2024-07-26  2:56:30 0 [Note] InnoDB: Using SSE2 crc32 instructions
2024-07-26  2:56:30 0 [Note] InnoDB: Initializing buffer pool, total size = 16M, instances = 1, chunk size = 16M
2024-07-26  2:56:30 0 [Note] InnoDB: Completed initialization of buffer pool
2024-07-26  2:56:30 0 [Note] InnoDB: 128 out of 128 rollback segments are active.
2024-07-26  2:56:30 0 [Note] InnoDB: Creating shared tablespace for temporary tables
2024-07-26  2:56:30 0 [Note] InnoDB: Setting file 'C:\xampp\mysql\data\ibtmp1' size to 12 MB. Physically writing the file full; Please wait ...
2024-07-26  2:56:30 0 [Note] InnoDB: File 'C:\xampp\mysql\data\ibtmp1' size is now 12 MB.
2024-07-26  2:56:30 0 [Note] InnoDB: Waiting for purge to start
2024-07-26  2:56:30 0 [Note] InnoDB: 10.4.32 started; log sequence number 6445990; transaction id 4204
2024-07-26  2:56:30 0 [Note] InnoDB: Loading buffer pool(s) from C:\xampp\mysql\data\ib_buffer_pool
2024-07-26  2:56:30 0 [Note] Plugin 'FEEDBACK' is disabled.
2024-07-26  2:56:30 0 [Note] InnoDB: Buffer pool(s) load completed at 240726  2:56:30
2024-07-26  2:56:30 0 [Note] Server socket created on IP: '::'.
2024-07-26  2:56:41 0 [Note] Starting MariaDB 10.4.32-MariaDB source revision c4143f909528e3fab0677a28631d10389354c491 as process 43592
2024-07-26  2:56:41 0 [Note] InnoDB: Mutexes and rw_locks use Windows interlocked functions
2024-07-26  2:56:41 0 [Note] InnoDB: Uses event mutexes
2024-07-26  2:56:41 0 [Note] InnoDB: Compressed tables use zlib 1.3
2024-07-26  2:56:41 0 [Note] InnoDB: Number of pools: 1
2024-07-26  2:56:41 0 [Note] InnoDB: Using SSE2 crc32 instructions
2024-07-26  2:56:41 0 [Note] InnoDB: Initializing buffer pool, total size = 16M, instances = 1, chunk size = 16M
2024-07-26  2:56:41 0 [Note] InnoDB: Completed initialization of buffer pool
2024-07-26  2:56:41 0 [Note] InnoDB: 128 out of 128 rollback segments are active.
2024-07-26  2:56:41 0 [Note] InnoDB: Creating shared tablespace for temporary tables
2024-07-26  2:56:41 0 [Note] InnoDB: Setting file 'C:\xampp\mysql\data\ibtmp1' size to 12 MB. Physically writing the file full; Please wait ...
2024-07-26  2:56:41 0 [Note] InnoDB: File 'C:\xampp\mysql\data\ibtmp1' size is now 12 MB.
2024-07-26  2:56:41 0 [Note] InnoDB: Waiting for purge to start
2024-07-26  2:56:41 0 [Note] InnoDB: 10.4.32 started; log sequence number 6445999; transaction id 4204
2024-07-26  2:56:41 0 [Note] InnoDB: Loading buffer pool(s) from C:\xampp\mysql\data\ib_buffer_pool
2024-07-26  2:56:41 0 [Note] Plugin 'FEEDBACK' is disabled.
2024-07-26  2:56:41 0 [Note] Server socket created on IP: '::'.
2024-07-26  2:56:54 0 [Note] Starting MariaDB 10.4.32-MariaDB source revision c4143f909528e3fab0677a28631d10389354c491 as process 18200
2024-07-26  2:56:54 0 [Note] InnoDB: Mutexes and rw_locks use Windows interlocked functions
2024-07-26  2:56:54 0 [Note] InnoDB: Uses event mutexes
2024-07-26  2:56:54 0 [Note] InnoDB: Compressed tables use zlib 1.3
2024-07-26  2:56:54 0 [Note] InnoDB: Number of pools: 1
2024-07-26  2:56:54 0 [Note] InnoDB: Using SSE2 crc32 instructions
2024-07-26  2:56:54 0 [Note] InnoDB: Initializing buffer pool, total size = 16M, instances = 1, chunk size = 16M
2024-07-26  2:56:54 0 [Note] InnoDB: Completed initialization of buffer pool
2024-07-26  2:56:54 0 [Note] InnoDB: 128 out of 128 rollback segments are active.
2024-07-26  2:56:54 0 [Note] InnoDB: Creating shared tablespace for temporary tables
2024-07-26  2:56:54 0 [Note] InnoDB: Setting file 'C:\xampp\mysql\data\ibtmp1' size to 12 MB. Physically writing the file full; Please wait ...
2024-07-26  2:56:54 0 [Note] InnoDB: File 'C:\xampp\mysql\data\ibtmp1' size is now 12 MB.
2024-07-26  2:56:54 0 [Note] InnoDB: Waiting for purge to start
2024-07-26  2:56:54 0 [Note] InnoDB: 10.4.32 started; log sequence number 6446008; transaction id 4204
2024-07-26  2:56:54 0 [Note] InnoDB: Loading buffer pool(s) from C:\xampp\mysql\data\ib_buffer_pool
2024-07-26  2:56:54 0 [Note] Plugin 'FEEDBACK' is disabled.
2024-07-26  2:56:54 0 [Note] Server socket created on IP: '::'.
2024-07-26  2:57:34 0 [Note] Starting MariaDB 10.4.32-MariaDB source revision c4143f909528e3fab0677a28631d10389354c491 as process 11372
2024-07-26  2:57:34 0 [Note] InnoDB: Mutexes and rw_locks use Windows interlocked functions
2024-07-26  2:57:34 0 [Note] InnoDB: Uses event mutexes
2024-07-26  2:57:34 0 [Note] InnoDB: Compressed tables use zlib 1.3
2024-07-26  2:57:34 0 [Note] InnoDB: Number of pools: 1
2024-07-26  2:57:34 0 [Note] InnoDB: Using SSE2 crc32 instructions
2024-07-26  2:57:34 0 [Note] InnoDB: Initializing buffer pool, total size = 16M, instances = 1, chunk size = 16M
2024-07-26  2:57:34 0 [Note] InnoDB: Completed initialization of buffer pool
2024-07-26  2:57:34 0 [Note] InnoDB: 128 out of 128 rollback segments are active.
2024-07-26  2:57:34 0 [Note] InnoDB: Creating shared tablespace for temporary tables
2024-07-26  2:57:34 0 [Note] InnoDB: Setting file 'C:\xampp\mysql\data\ibtmp1' size to 12 MB. Physically writing the file full; Please wait ...
2024-07-26  2:57:34 0 [Note] InnoDB: File 'C:\xampp\mysql\data\ibtmp1' size is now 12 MB.
2024-07-26  2:57:34 0 [Note] InnoDB: Waiting for purge to start
2024-07-26  2:57:34 0 [Note] InnoDB: 10.4.32 started; log sequence number 6446017; transaction id 4204
2024-07-26  2:57:34 0 [Note] InnoDB: Loading buffer pool(s) from C:\xampp\mysql\data\ib_buffer_pool
2024-07-26  2:57:34 0 [Note] Plugin 'FEEDBACK' is disabled.
2024-07-26  2:57:34 0 [Note] Server socket created on IP: '::'.
2024-07-26  2:58:20 0 [Note] Starting MariaDB 10.4.32-MariaDB source revision c4143f909528e3fab0677a28631d10389354c491 as process 12316
2024-07-26  2:58:20 0 [Note] InnoDB: Mutexes and rw_locks use Windows interlocked functions
2024-07-26  2:58:20 0 [Note] InnoDB: Uses event mutexes
2024-07-26  2:58:20 0 [Note] InnoDB: Compressed tables use zlib 1.3
2024-07-26  2:58:20 0 [Note] InnoDB: Number of pools: 1
2024-07-26  2:58:20 0 [Note] InnoDB: Using SSE2 crc32 instructions
2024-07-26  2:58:20 0 [Note] InnoDB: Initializing buffer pool, total size = 16M, instances = 1, chunk size = 16M
2024-07-26  2:58:20 0 [Note] InnoDB: Completed initialization of buffer pool
2024-07-26  2:58:20 0 [Note] InnoDB: 128 out of 128 rollback segments are active.
2024-07-26  2:58:20 0 [Note] InnoDB: Creating shared tablespace for temporary tables
2024-07-26  2:58:20 0 [Note] InnoDB: Setting file 'C:\xampp\mysql\data\ibtmp1' size to 12 MB. Physically writing the file full; Please wait ...
2024-07-26  2:58:20 0 [Note] InnoDB: File 'C:\xampp\mysql\data\ibtmp1' size is now 12 MB.
2024-07-26  2:58:20 0 [Note] InnoDB: Waiting for purge to start
2024-07-26  2:58:20 0 [Note] InnoDB: 10.4.32 started; log sequence number 6446026; transaction id 4204
2024-07-26  2:58:20 0 [Note] InnoDB: Loading buffer pool(s) from C:\xampp\mysql\data\ib_buffer_pool
2024-07-26  2:58:20 0 [Note] Plugin 'FEEDBACK' is disabled.
2024-07-26  2:58:20 0 [Note] InnoDB: Buffer pool(s) load completed at 240726  2:58:20
2024-07-26  2:58:20 0 [Note] Server socket created on IP: '::'.
2024-07-26  2:59:37 0 [Note] Starting MariaDB 10.4.32-MariaDB source revision c4143f909528e3fab0677a28631d10389354c491 as process 34924
2024-07-26  2:59:37 0 [Note] InnoDB: Mutexes and rw_locks use Windows interlocked functions
2024-07-26  2:59:37 0 [Note] InnoDB: Uses event mutexes
2024-07-26  2:59:37 0 [Note] InnoDB: Compressed tables use zlib 1.3
2024-07-26  2:59:37 0 [Note] InnoDB: Number of pools: 1
2024-07-26  2:59:37 0 [Note] InnoDB: Using SSE2 crc32 instructions
2024-07-26  2:59:37 0 [Note] InnoDB: Initializing buffer pool, total size = 16M, instances = 1, chunk size = 16M
2024-07-26  2:59:37 0 [Note] InnoDB: Completed initialization of buffer pool
2024-07-26  2:59:37 0 [Note] InnoDB: 128 out of 128 rollback segments are active.
2024-07-26  2:59:37 0 [Note] InnoDB: Creating shared tablespace for temporary tables
2024-07-26  2:59:37 0 [Note] InnoDB: Setting file 'C:\xampp\mysql\data\ibtmp1' size to 12 MB. Physically writing the file full; Please wait ...
2024-07-26  2:59:37 0 [Note] InnoDB: File 'C:\xampp\mysql\data\ibtmp1' size is now 12 MB.
2024-07-26  2:59:37 0 [Note] InnoDB: Waiting for purge to start
2024-07-26  2:59:37 0 [Note] InnoDB: 10.4.32 started; log sequence number 6446035; transaction id 4204
2024-07-26  2:59:37 0 [Note] InnoDB: Loading buffer pool(s) from C:\xampp\mysql\data\ib_buffer_pool
2024-07-26  2:59:37 0 [Note] Plugin 'FEEDBACK' is disabled.
2024-07-26  2:59:37 0 [Note] Server socket created on IP: '::'.
2024-07-26  2:59:37 0 [Note] InnoDB: Buff2024-07-26  3:00:38 0 [Note] Starting MariaDB 10.4.32-MariaDB source revision c4143f909528e3fab0677a28631d10389354c491 as process 24628
2024-07-26  3:00:38 0 [Note] InnoDB: Mutexes and rw_locks use Windows interlocked functions
2024-07-26  3:00:38 0 [Note] InnoDB: Uses event mutexes
2024-07-26  3:00:38 0 [Note] InnoDB: Compressed tables use zlib 1.3
2024-07-26  3:00:38 0 [Note] InnoDB: Number of pools: 1
2024-07-26  3:00:38 0 [Note] InnoDB: Using SSE2 crc32 instructions
2024-07-26  3:00:38 0 [Note] InnoDB: Initializing buffer pool, total size = 16M, instances = 1, chunk size = 16M
2024-07-26  3:00:38 0 [Note] InnoDB: Completed initialization of buffer pool
2024-07-26  3:00:38 0 [Note] InnoDB: 128 out of 128 rollback segments are active.
2024-07-26  3:00:38 0 [Note] InnoDB: Creating shared tablespace for temporary tables
2024-07-26  3:00:38 0 [Note] InnoDB: Setting file 'C:\xampp\mysql\data\ibtmp1' size to 12 MB. Physically writing the file full; Please wait ...
2024-07-26  3:00:38 0 [Note] InnoDB: File 'C:\xampp\mysql\data\ibtmp1' size is now 12 MB.
2024-07-26  3:00:38 0 [Note] InnoDB: Waiting for purge to start
2024-07-26  3:00:38 0 [Note] InnoDB: 10.4.32 started; log sequence number 6446044; transaction id 4204
2024-07-26  3:00:38 0 [Note] InnoDB: Loading buffer pool(s) from C:\xampp\mysql\data\ib_buffer_pool
2024-07-26  3:00:38 0 [Note] Plugin 'FEEDBACK' is disabled.
2024-07-26  3:00:38 0 [Note] Server socket created on IP: '::'.
2024-07-26  3:00:42 0 [Note] Starting MariaDB 10.4.32-MariaDB source revision c4143f909528e3fab0677a28631d10389354c491 as process 14400
2024-07-26  3:00:42 0 [Note] InnoDB: Mutexes and rw_locks use Windows interlocked functions
2024-07-26  3:00:42 0 [Note] InnoDB: Uses event mutexes
2024-07-26  3:00:42 0 [Note] InnoDB: Compressed tables use zlib 1.3
2024-07-26  3:00:42 0 [Note] InnoDB: Number of pools: 1
2024-07-26  3:00:42 0 [Note] InnoDB: Using SSE2 crc32 instructions
2024-07-26  3:00:42 0 [Note] InnoDB: Initializing buffer pool, total size = 16M, instances = 1, chunk size = 16M
2024-07-26  3:00:42 0 [Note] InnoDB: Completed initialization of buffer pool
2024-07-26  3:00:42 0 [Note] InnoDB: 128 out of 128 rollback segments are active.
2024-07-26  3:00:42 0 [Note] InnoDB: Creating shared tablespace for temporary tables
2024-07-26  3:00:42 0 [Note] InnoDB: Setting file 'C:\xampp\mysql\data\ibtmp1' size to 12 MB. Physically writing the file full; Please wait ...
2024-07-26  3:00:42 0 [Note] InnoDB: File 'C:\xampp\mysql\data\ibtmp1' size is now 12 MB.
2024-07-26  3:00:42 0 [Note] InnoDB: Waiting for purge to start
2024-07-26  3:00:42 0 [Note] InnoDB: 10.4.32 started; log sequence number 6446053; transaction id 4204
2024-07-26  3:00:42 0 [Note] InnoDB: Loading buffer pool(s) from C:\xampp\mysql\data\ib_buffer_pool
2024-07-26  3:00:42 0 [Note] Plugin 'FEEDBACK' is disabled.
2024-07-26  3:00:42 0 [Note] Server socket created on IP: '::'.
2024-07-26  3:02:05 0 [Note] Starting MariaDB 10.4.32-MariaDB source revision c4143f909528e3fab0677a28631d10389354c491 as process 27612
2024-07-26  3:02:05 0 [Note] InnoDB: Mutexes and rw_locks use Windows interlocked functions
2024-07-26  3:02:05 0 [Note] InnoDB: Uses event mutexes
2024-07-26  3:02:05 0 [Note] InnoDB: Compressed tables use zlib 1.3
2024-07-26  3:02:05 0 [Note] InnoDB: Number of pools: 1
2024-07-26  3:02:05 0 [Note] InnoDB: Using SSE2 crc32 instructions
2024-07-26  3:02:05 0 [Note] InnoDB: Initializing buffer pool, total size = 16M, instances = 1, chunk size = 16M
2024-07-26  3:02:05 0 [Note] InnoDB: Completed initialization of buffer pool
2024-07-26  3:02:05 0 [Note] InnoDB: 128 out of 128 rollback segments are active.
2024-07-26  3:02:05 0 [Note] InnoDB: Removed temporary tablespace data file: "ibtmp1"
2024-07-26  3:02:05 0 [Note] InnoDB: Creating shared tablespace for temporary tables
2024-07-26  3:02:05 0 [Note] InnoDB: Setting file 'C:\xampp\mysql\data\ibtmp1' size to 12 MB. Physically writing the file full; Please wait ...
2024-07-26  3:02:05 0 [Note] InnoDB: File 'C:\xampp\mysql\data\ibtmp1' size is now 12 MB.
2024-07-26  3:02:05 0 [Note] InnoDB: Waiting for purge to start
2024-07-26  3:02:05 0 [Note] InnoDB: 10.4.32 started; log sequence number 6446053; transaction id 4204
2024-07-26  3:02:05 0 [Note] InnoDB: Loading buffer pool(s) from C:\xampp\mysql\data\ib_buffer_pool
2024-07-26  3:02:05 0 [Note] Plugin 'FEEDBACK' is disabled.
2024-07-26  3:02:05 0 [Note] Server socket created on IP: '::'.
2024-07-26  3:03:26 0 [Note] Starting MariaDB 10.4.32-MariaDB source revision c4143f909528e3fab0677a28631d10389354c491 as process 20572
2024-07-26  3:03:26 0 [Note] InnoDB: Mutexes and rw_locks use Windows interlocked functions
2024-07-26  3:03:26 0 [Note] InnoDB: Uses event mutexes
2024-07-26  3:03:26 0 [Note] InnoDB: Compressed tables use zlib 1.3
2024-07-26  3:03:26 0 [Note] InnoDB: Number of pools: 1
2024-07-26  3:03:26 0 [Note] InnoDB: Using SSE2 crc32 instructions
2024-07-26  3:03:26 0 [Note] InnoDB: Initializing buffer pool, total size = 16M, instances = 1, chunk size = 16M
2024-07-26  3:03:26 0 [Note] InnoDB: Completed initialization of buffer pool
2024-07-26  3:03:26 0 [Note] InnoDB: Starting crash recovery from checkpoint LSN=6446053
2024-07-26  3:03:26 0 [Note] InnoDB: 128 out of 128 rollback segments are active.
2024-07-26  3:03:26 0 [Note] InnoDB: Removed temporary tablespace data file: "ibtmp1"
2024-07-26  3:03:26 0 [Note] InnoDB: Creating shared tablespace for temporary tables
2024-07-26  3:03:26 0 [Note] InnoDB: Setting file 'C:\xampp\mysql\data\ibtmp1' size to 12 MB. Physically writing the file full; Please wait ...
2024-07-26  3:03:26 0 [Note] InnoDB: File 'C:\xampp\mysql\data\ibtmp1' size is now 12 MB.
2024-07-26  3:03:26 0 [Note] InnoDB: Waiting for purge to start
2024-07-26  3:03:26 0 [Note] InnoDB: 10.4.32 started; log sequence number 6446062; transaction id 4204
2024-07-26  3:03:26 0 [Note] Plugin 'FEEDBACK' is disabled.
2024-07-26  3:03:26 0 [Note] InnoDB: Loading buffer pool(s) from C:\xampp\mysql\data\ib_buffer_pool
2024-07-26  3:03:26 0 [Note] Server socket created on IP: '::'.
2024-07-26  3:03:26 0 [Note] InnoDB: Buffer pool(s) load completed at 24072024-07-26  3:04:12 0 [Note] Starting MariaDB 10.4.32-MariaDB source revision c4143f909528e3fab0677a28631d10389354c491 as process 43532
2024-07-26  3:04:12 0 [Note] InnoDB: Mutexes and rw_locks use Windows interlocked functions
2024-07-26  3:04:12 0 [Note] InnoDB: Uses event mutexes
2024-07-26  3:04:12 0 [Note] InnoDB: Compressed tables use zlib 1.3
2024-07-26  3:04:12 0 [Note] InnoDB: Number of pools: 1
2024-07-26  3:04:12 0 [Note] InnoDB: Using SSE2 crc32 instructions
2024-07-26  3:04:12 0 [Note] InnoDB: Initializing buffer pool, total size = 16M, instances = 1, chunk size = 16M
2024-07-26  3:04:12 0 [Note] InnoDB: Completed initialization of buffer pool
2024-07-26  3:04:13 0 [Note] InnoDB: 128 out of 128 rollback segments are active.
2024-07-26  3:04:13 0 [Note] InnoDB: Creating shared tablespace for temporary tables
2024-07-26  3:04:13 0 [Note] InnoDB: Setting file 'C:\xampp\mysql\data\ibtmp1' size to 12 MB. Physically writing the file full; Please wait ...
2024-07-26  3:04:13 0 [Note] InnoDB: File 'C:\xampp\mysql\data\ibtmp1' size is now 12 MB.
2024-07-26  3:04:13 0 [Note] InnoDB: Waiting for purge to start
2024-07-26  3:04:13 0 [Note] InnoDB: 10.4.32 started; log sequence number 6446071; transaction id 4204
2024-07-26  3:04:13 0 [Note] InnoDB: Loading buffer pool(s) from C:\xampp\mysql\data\ib_buffer_pool
2024-07-26  3:04:13 0 [Note] Plugin 'FEEDBACK' is disabled.
2024-07-26  3:04:13 0 [Note] Server socket created on IP: '::'.
2024-07-26  3:05:48 0 [Note] Starting MariaDB 10.4.32-MariaDB source revision c4143f909528e3fab0677a28631d10389354c491 as process 26672
2024-07-26  3:05:48 0 [Note] InnoDB: Mutexes and rw_locks use Windows interlocked functions
2024-07-26  3:05:48 0 [Note] InnoDB: Uses event mutexes
2024-07-26  3:05:48 0 [Note] InnoDB: Compressed tables use zlib 1.3
2024-07-26  3:05:48 0 [Note] InnoDB: Number of pools: 1
2024-07-26  3:05:48 0 [Note] InnoDB: Using SSE2 crc32 instructions
2024-07-26  3:05:48 0 [Note] InnoDB: Initializing buffer pool, total size = 16M, instances = 1, chunk size = 16M
2024-07-26  3:05:48 0 [Note] InnoDB: Completed initialization of buffer pool
2024-07-26  3:05:48 0 [Note] InnoDB: 128 out of 128 rollback segments are active.
2024-07-26  3:05:48 0 [Note] InnoDB: Creating shared tablespace for temporary tables
2024-07-26  3:05:48 0 [Note] InnoDB: Setting file 'C:\xampp\mysql\data\ibtmp1' size to 12 MB. Physically writing the file full; Please wait ...
2024-07-26  3:05:48 0 [Note] InnoDB: File 'C:\xampp\mysql\data\ibtmp1' size is now 12 MB.
2024-07-26  3:05:48 0 [Note] InnoDB: Waiting for purge to start
2024-07-26  3:05:48 0 [Note] InnoDB: 10.4.32 started; log sequence number 6446096; transaction id 4204
2024-07-26  3:05:48 0 [Note] Plugin 'FEEDBACK' is disabled.
2024-07-26  3:05:48 0 [Note] InnoDB: Loading buffer pool(s) from C:\xampp\mysql\data\ib_buffer_pool
2024-07-26  3:05:48 0 [Note] Server socket created on IP: '::'.
2024-07-26  3:06:16 0 [Note] Starting MariaDB 10.4.32-MariaDB source revision c4143f909528e3fab0677a28631d10389354c491 as process 38060
2024-07-26  3:06:16 0 [Note] InnoDB: Mutexes and rw_locks use Windows interlocked functions
2024-07-26  3:06:16 0 [Note] InnoDB: Uses event mutexes
2024-07-26  3:06:16 0 [Note] InnoDB: Compressed tables use zlib 1.3
2024-07-26  3:06:16 0 [Note] InnoDB: Number of pools: 1
2024-07-26  3:06:16 0 [Note] InnoDB: Using SSE2 crc32 instructions
2024-07-26  3:06:16 0 [Note] InnoDB: Initializing buffer pool, total size = 16M, instances = 1, chunk size = 16M
2024-07-26  3:06:16 0 [Note] InnoDB: Completed initialization of buffer pool
2024-07-26  3:06:16 0 [Note] InnoDB: 128 out of 128 rollback segments are active.
2024-07-26  3:06:16 0 [Note] InnoDB: Creating shared tablespace for temporary tables
2024-07-26  3:06:16 0 [Note] InnoDB: Setting file 'C:\xampp\mysql\data\ibtmp1' size to 12 MB. Physically writing the file full; Please wait ...
2024-07-26  3:06:16 0 [Note] InnoDB: File 'C:\xampp\mysql\data\ibtmp1' size is now 12 MB.
2024-07-26  3:06:16 0 [Note] InnoDB: Waiting for purge to start
2024-07-26  3:06:16 0 [Note] InnoDB: 10.4.32 started; log sequence number 6446105; transaction id 4204
2024-07-26  3:06:16 0 [Note] InnoDB: Loading buffer pool(s) from C:\xampp\mysql\data\ib_buffer_pool
2024-07-26  3:06:16 0 [Note] Plugin 'FEEDBACK' is disabled.
2024-07-26  3:06:16 0 [Note] InnoDB: Buffer pool(s) load completed at 240726  3:06:16
2024-07-26  3:06:16 0 [Note] Server socket created on IP: '::'.
